Unity Editor version:    2021.1.18f1 (25bdc3efbc2d)
Branch:                  2021.1/staging
Build type:              Release
Batch mode:              YES
macOS version:           Version 10.14.6 (Build 18G9216)
Darwin version:          18.7.0
Architecture:            x86_64
Running under Rosetta:   NO
Available memory:        8192 MB
Using pre-set license
Pro License: NO
Pro License: NO

COMMAND LINE ARGUMENTS:
/Applications/Unity/Unity.app/Contents/MacOS/Unity
-adb2
-batchMode
-noUpm
-name
AssetImportWorker0
-projectPath
/goinfre/dhorker/Rubik
-logFile
Logs/AssetImportWorker0.log
-srvPort
53056
Successfully changed project path to: /goinfre/dhorker/Rubik
/goinfre/dhorker/Rubik
Using Asset Import Pipeline V2.
Refreshing native plugins compatible for Editor in 86.28 ms, found 2 plugins.
Preloading 0 native plugins for Editor in 0.00 ms.
Initialize engine version: 2021.1.18f1 (25bdc3efbc2d)
[Subsystems] Discovering subsystems at path /Applications/Unity/Unity.app/Contents/Resources/UnitySubsystems
[Subsystems] Discovering subsystems at path /goinfre/dhorker/Rubik/Assets
GfxDevice: creating device client; threaded=0; jobified=0
2021-09-04 12:25:00.934 Unity[84765:2266933] iMac preferred device: AMD Radeon Pro 570 (high power)
2021-09-04 12:25:00.934 Unity[84765:2266933] Metal devices available: 1
2021-09-04 12:25:00.934 Unity[84765:2266933] 0: AMD Radeon Pro 570 (high power)
2021-09-04 12:25:00.938 Unity[84765:2266933] Using device AMD Radeon Pro 570 (high power)
Initializing Metal device caps: AMD Radeon Pro 570
Initialize mono
Mono path[0] = '/Applications/Unity/Unity.app/Contents/Managed'
Mono path[1] = '/Applications/Unity/Unity.app/Contents/MonoBleedingEdge/lib/mono/unityjit'
Mono config path = '/Applications/Unity/Unity.app/Contents/MonoBleedingEdge/etc'
Using monoOptions --debugger-agent=transport=dt_socket,embedding=1,server=y,suspend=n,address=127.0.0.1:56765
Begin MonoManager ReloadAssembly
