Using pre-set license
Pro License: NO

 COMMAND LINE ARGUMENTS:
/Applications/Unity/Unity.app/Contents/MacOS/Unity
-adb2
-batchMode
-noUpm
-name
AssetImportWorker10
-projectPath
/goinfre/dhorker/Rubik
-logFile
Logs/AssetImportWorker10.log
-srvPort
49582
Successfully changed project path to: /goinfre/dhorker/Rubik
/goinfre/dhorker/Rubik
Using Asset Import Pipeline V2.
Refreshing native plugins compatible for Editor in 1241.38 ms, found 2 plugins.
Preloading 0 native plugins for Editor in 0.00 ms.
Initialize engine version: 2021.1.17f1 (03b40fe07a36)
[Subsystems] Discovering subsystems at path /Applications/Unity/Unity.app/Contents/Resources/UnitySubsystems
[Subsystems] Discovering subsystems at path /goinfre/dhorker/Rubik/Assets
GfxDevice: creating device client; threaded=0; jobified=0
2021-08-26 18:55:27.503 Unity[68599:4420090] iMac preferred device: AMD Radeon Pro 570 (high power)
2021-08-26 18:55:27.503 Unity[68599:4420090] Metal devices available: 1
2021-08-26 18:55:27.503 Unity[68599:4420090] 0: AMD Radeon Pro 570 (high power)
2021-08-26 18:55:27.504 Unity[68599:4420090] Using device AMD Radeon Pro 570 (high power)
Initializing Metal device caps: AMD Radeon Pro 570
Initialize mono
Mono path[0] = '/Applications/Unity/Unity.app/Contents/Managed'
Mono path[1] = '/Applications/Unity/Unity.app/Contents/MonoBleedingEdge/lib/mono/unityjit'
Mono config path = '/Applications/Unity/Unity.app/Contents/MonoBleedingEdge/etc'
Using monoOptions --debugger-agent=transport=dt_socket,embedding=1,server=y,suspend=n,address=127.0.0.1:56599
Begin MonoManager ReloadAssembly
